<?xml version="1.0" encoding="UTF-8"?>
<!-- Generated by org.testng.reporters.JUnitReportReporter -->
<testsuite hostname="QA1072" failures="0" tests="1" name="com.leafBot.testcases.TC003_CreateLead" time="26.840" errors="0" timestamp="2024-04-24T16:31:39 IST" skipped="0">
  <testcase classname="com.leafBot.testcases.TC003_CreateLead" name="createLead" time="26.840"/>
  <system-out/>
</testsuite> <!-- com.leafBot.testcases.TC003_CreateLead -->
