<?xml version="1.0" encoding="UTF-8"?>
<!-- Generated by org.testng.reporters.JUnitReportReporter -->
<testsuite hostname="QA1072" failures="0" tests="1" name="com.leafBot.testcases.TC001_CreateOrder" time="17.244" errors="0" timestamp="2024-04-24T15:31:48 IST" skipped="0">
  <testcase classname="com.leafBot.testcases.TC001_CreateOrder" name="createOrder" time="17.244"/>
  <system-out/>
</testsuite> <!-- com.leafBot.testcases.TC001_CreateOrder -->
